<?xml version="1.0" encoding="UTF-8"?>
<testng-results skipped="0" failed="1" ignored="0" total="10" passed="9">
  <reporter-output>
    <line>
      <![CDATA[<br><img src='C:\Users\VICKY\git\GrootanProject\Grootan\Folder1/Home.png' height='400' width='400'/><br>]]>
    </line>
    <line>
      <![CDATA[<br><img src='C:\Users\VICKY\git\GrootanProject\Grootan\Folder1/Services.png' height='400' width='400'/><br>]]>
    </line>
    <line>
      <![CDATA[<br><img src='C:\Users\VICKY\git\GrootanProject\Grootan\Folder1/Open Source.png' height='400' width='400'/><br>]]>
    </line>
    <line>
      <![CDATA[<br><img src='C:\Users\VICKY\git\GrootanProject\Grootan\Folder1/Blog.png' height='400' width='400'/><br>]]>
    </line>
    <line>
      <![CDATA[<br><img src='C:\Users\VICKY\git\GrootanProject\Grootan\Folder1/Team.png' height='400' width='400'/><br>]]>
    </line>
    <line>
      <![CDATA[<br><img src='C:\Users\VICKY\git\GrootanProject\Grootan\Folder1/Careers.png' height='400' width='400'/><br>]]>
    </line>
    <line>
      <![CDATA[<br><img src='C:\Users\VICKY\git\GrootanProject\Grootan\Folder1/Contact Us.png' height='400' width='400'/><br>]]>
    </line>
  </reporter-output>
  <suite name="Suite" duration-ms="149984" started-at="2021-01-04T12:38:44 IST" finished-at="2021-01-04T12:41:14 IST">
    <groups>
    </groups>
    <test name="TSR" duration-ms="149984" started-at="2021-01-04T12:38:44 IST" finished-at="2021-01-04T12:41:14 IST">
      <class name="com.grootan.qa.testcases.GrootanTest">
        <test-method status="PASS" signature="setUp()[pri:0, instance:com.grootan.qa.testcases.GrootanTest@2b2c86]" name="setUp" is-config="true" duration-ms="12582" started-at="2021-01-04T12:38:44 IST" finished-at="2021-01-04T12:38:57 IST">
          <reporter-output>
          </reporter-output>
        </test-method> <!-- setUp -->
        <test-method status="PASS" signature="click_On_HomeSection_And_TakeScreenshot()[pri:1, instance:com.grootan.qa.testcases.GrootanTest@2b2c86]" name="click_On_HomeSection_And_TakeScreenshot" duration-ms="1456" started-at="2021-01-04T12:38:57 IST" finished-at="2021-01-04T12:38:58 IST">
          <reporter-output>
            <line>
              <![CDATA[<br><img src='C:\Users\VICKY\git\GrootanProject\Grootan\Folder1/Home.png' height='400' width='400'/><br>]]>
            </line>
          </reporter-output>
        </test-method> <!-- click_On_HomeSection_And_TakeScreenshot -->
        <test-method status="PASS" signature="tearDown()[pri:0, instance:com.grootan.qa.testcases.GrootanTest@2b2c86]" name="tearDown" is-config="true" duration-ms="1218" started-at="2021-01-04T12:38:58 IST" finished-at="2021-01-04T12:39:00 IST">
          <reporter-output>
          </reporter-output>
        </test-method> <!-- tearDown -->
        <test-method status="PASS" signature="setUp()[pri:0, instance:com.grootan.qa.testcases.GrootanTest@2b2c86]" name="setUp" is-config="true" duration-ms="9325" started-at="2021-01-04T12:39:00 IST" finished-at="2021-01-04T12:39:09 IST">
          <reporter-output>
          </reporter-output>
        </test-method> <!-- setUp -->
        <test-method status="PASS" signature="click_On_ServicesSection_And_TakeScreenshot()[pri:2, instance:com.grootan.qa.testcases.GrootanTest@2b2c86]" name="click_On_ServicesSection_And_TakeScreenshot" duration-ms="1085" started-at="2021-01-04T12:39:09 IST" finished-at="2021-01-04T12:39:10 IST">
          <reporter-output>
            <line>
              <![CDATA[<br><img src='C:\Users\VICKY\git\GrootanProject\Grootan\Folder1/Services.png' height='400' width='400'/><br>]]>
            </line>
          </reporter-output>
        </test-method> <!-- click_On_ServicesSection_And_TakeScreenshot -->
        <test-method status="PASS" signature="tearDown()[pri:0, instance:com.grootan.qa.testcases.GrootanTest@2b2c86]" name="tearDown" is-config="true" duration-ms="923" started-at="2021-01-04T12:39:10 IST" finished-at="2021-01-04T12:39:11 IST">
          <reporter-output>
          </reporter-output>
        </test-method> <!-- tearDown -->
        <test-method status="PASS" signature="setUp()[pri:0, instance:com.grootan.qa.testcases.GrootanTest@2b2c86]" name="setUp" is-config="true" duration-ms="11133" started-at="2021-01-04T12:39:11 IST" finished-at="2021-01-04T12:39:22 IST">
          <reporter-output>
          </reporter-output>
        </test-method> <!-- setUp -->
        <test-method status="PASS" signature="click_On_OpenSourceSection_And_TakeScreenshot()[pri:3, instance:com.grootan.qa.testcases.GrootanTest@2b2c86]" name="click_On_OpenSourceSection_And_TakeScreenshot" duration-ms="1723" started-at="2021-01-04T12:39:22 IST" finished-at="2021-01-04T12:39:24 IST">
          <reporter-output>
            <line>
              <![CDATA[<br><img src='C:\Users\VICKY\git\GrootanProject\Grootan\Folder1/Open Source.png' height='400' width='400'/><br>]]>
            </line>
          </reporter-output>
        </test-method> <!-- click_On_OpenSourceSection_And_TakeScreenshot -->
        <test-method status="PASS" signature="tearDown()[pri:0, instance:com.grootan.qa.testcases.GrootanTest@2b2c86]" name="tearDown" is-config="true" duration-ms="1337" started-at="2021-01-04T12:39:24 IST" finished-at="2021-01-04T12:39:25 IST">
          <reporter-output>
          </reporter-output>
        </test-method> <!-- tearDown -->
        <test-method status="PASS" signature="setUp()[pri:0, instance:com.grootan.qa.testcases.GrootanTest@2b2c86]" name="setUp" is-config="true" duration-ms="9886" started-at="2021-01-04T12:39:25 IST" finished-at="2021-01-04T12:39:35 IST">
          <reporter-output>
          </reporter-output>
        </test-method> <!-- setUp -->
        <test-method status="PASS" signature="click_On_BlogSection_And_TakeScreenshot()[pri:4, instance:com.grootan.qa.testcases.GrootanTest@2b2c86]" name="click_On_BlogSection_And_TakeScreenshot" duration-ms="12165" started-at="2021-01-04T12:39:35 IST" finished-at="2021-01-04T12:39:47 IST">
          <reporter-output>
            <line>
              <![CDATA[<br><img src='C:\Users\VICKY\git\GrootanProject\Grootan\Folder1/Blog.png' height='400' width='400'/><br>]]>
            </line>
          </reporter-output>
        </test-method> <!-- click_On_BlogSection_And_TakeScreenshot -->
        <test-method status="PASS" signature="tearDown()[pri:0, instance:com.grootan.qa.testcases.GrootanTest@2b2c86]" name="tearDown" is-config="true" duration-ms="1506" started-at="2021-01-04T12:39:47 IST" finished-at="2021-01-04T12:39:49 IST">
          <reporter-output>
          </reporter-output>
        </test-method> <!-- tearDown -->
        <test-method status="PASS" signature="setUp()[pri:0, instance:com.grootan.qa.testcases.GrootanTest@2b2c86]" name="setUp" is-config="true" duration-ms="10518" started-at="2021-01-04T12:39:49 IST" finished-at="2021-01-04T12:39:59 IST">
          <reporter-output>
          </reporter-output>
        </test-method> <!-- setUp -->
        <test-method status="PASS" signature="click_On_TeamcSection_And_TakeScreenshot()[pri:5, instance:com.grootan.qa.testcases.GrootanTest@2b2c86]" name="click_On_TeamcSection_And_TakeScreenshot" duration-ms="882" started-at="2021-01-04T12:39:59 IST" finished-at="2021-01-04T12:40:00 IST">
          <reporter-output>
            <line>
              <![CDATA[<br><img src='C:\Users\VICKY\git\GrootanProject\Grootan\Folder1/Team.png' height='400' width='400'/><br>]]>
            </line>
          </reporter-output>
        </test-method> <!-- click_On_TeamcSection_And_TakeScreenshot -->
        <test-method status="PASS" signature="tearDown()[pri:0, instance:com.grootan.qa.testcases.GrootanTest@2b2c86]" name="tearDown" is-config="true" duration-ms="1242" started-at="2021-01-04T12:40:00 IST" finished-at="2021-01-04T12:40:01 IST">
          <reporter-output>
          </reporter-output>
        </test-method> <!-- tearDown -->
        <test-method status="PASS" signature="setUp()[pri:0, instance:com.grootan.qa.testcases.GrootanTest@2b2c86]" name="setUp" is-config="true" duration-ms="9806" started-at="2021-01-04T12:40:01 IST" finished-at="2021-01-04T12:40:11 IST">
          <reporter-output>
          </reporter-output>
        </test-method> <!-- setUp -->
        <test-method status="PASS" signature="click_On_CareersSection_And_TakeScreenshot()[pri:6, instance:com.grootan.qa.testcases.GrootanTest@2b2c86]" name="click_On_CareersSection_And_TakeScreenshot" duration-ms="1431" started-at="2021-01-04T12:40:11 IST" finished-at="2021-01-04T12:40:12 IST">
          <reporter-output>
            <line>
              <![CDATA[<br><img src='C:\Users\VICKY\git\GrootanProject\Grootan\Folder1/Careers.png' height='400' width='400'/><br>]]>
            </line>
          </reporter-output>
        </test-method> <!-- click_On_CareersSection_And_TakeScreenshot -->
        <test-method status="PASS" signature="tearDown()[pri:0, instance:com.grootan.qa.testcases.GrootanTest@2b2c86]" name="tearDown" is-config="true" duration-ms="1880" started-at="2021-01-04T12:40:12 IST" finished-at="2021-01-04T12:40:14 IST">
          <reporter-output>
          </reporter-output>
        </test-method> <!-- tearDown -->
        <test-method status="PASS" signature="setUp()[pri:0, instance:com.grootan.qa.testcases.GrootanTest@2b2c86]" name="setUp" is-config="true" duration-ms="10660" started-at="2021-01-04T12:40:14 IST" finished-at="2021-01-04T12:40:25 IST">
          <reporter-output>
          </reporter-output>
        </test-method> <!-- setUp -->
        <test-method status="PASS" signature="click_On_ContactUSSection_And_TakeScreenshot()[pri:7, instance:com.grootan.qa.testcases.GrootanTest@2b2c86]" name="click_On_ContactUSSection_And_TakeScreenshot" duration-ms="1472" started-at="2021-01-04T12:40:25 IST" finished-at="2021-01-04T12:40:27 IST">
          <reporter-output>
            <line>
              <![CDATA[<br><img src='C:\Users\VICKY\git\GrootanProject\Grootan\Folder1/Contact Us.png' height='400' width='400'/><br>]]>
            </line>
          </reporter-output>
        </test-method> <!-- click_On_ContactUSSection_And_TakeScreenshot -->
        <test-method status="PASS" signature="tearDown()[pri:0, instance:com.grootan.qa.testcases.GrootanTest@2b2c86]" name="tearDown" is-config="true" duration-ms="1276" started-at="2021-01-04T12:40:27 IST" finished-at="2021-01-04T12:40:28 IST">
          <reporter-output>
          </reporter-output>
        </test-method> <!-- tearDown -->
        <test-method status="PASS" signature="setUp()[pri:0, instance:com.grootan.qa.testcases.GrootanTest@2b2c86]" name="setUp" is-config="true" duration-ms="8461" started-at="2021-01-04T12:40:28 IST" finished-at="2021-01-04T12:40:36 IST">
          <reporter-output>
          </reporter-output>
        </test-method> <!-- setUp -->
        <test-method status="PASS" signature="compareFolder1AndFolder2()[pri:8, instance:com.grootan.qa.testcases.GrootanTest@2b2c86]" name="compareFolder1AndFolder2" duration-ms="3" started-at="2021-01-04T12:40:36 IST" finished-at="2021-01-04T12:40:36 IST">
          <reporter-output>
          </reporter-output>
        </test-method> <!-- compareFolder1AndFolder2 -->
        <test-method status="PASS" signature="tearDown()[pri:0, instance:com.grootan.qa.testcases.GrootanTest@2b2c86]" name="tearDown" is-config="true" duration-ms="994" started-at="2021-01-04T12:40:36 IST" finished-at="2021-01-04T12:40:37 IST">
          <reporter-output>
          </reporter-output>
        </test-method> <!-- tearDown -->
        <test-method status="PASS" signature="reportGeneration()[pri:0, instance:com.grootan.qa.testcases.GrootanTest@2b2c86]" name="reportGeneration" is-config="true" duration-ms="6988" started-at="2021-01-04T12:41:14 IST" finished-at="2021-01-04T12:41:21 IST">
          <reporter-output>
          </reporter-output>
        </test-method> <!-- reportGeneration -->
      </class> <!-- com.grootan.qa.testcases.GrootanTest -->
      <class name="com.grootan.qa.testcases.TeamSectionTest">
        <test-method status="PASS" signature="setUp()[pri:0, instance:com.grootan.qa.testcases.TeamSectionTest@11a67ec]" name="setUp" is-config="true" duration-ms="7655" started-at="2021-01-04T12:40:37 IST" finished-at="2021-01-04T12:40:45 IST">
          <reporter-output>
          </reporter-output>
        </test-method> <!-- setUp -->
        <test-method status="PASS" signature="printJuniorEngineerNamesFromTeamcSectionInTOExcel()[pri:1, instance:com.grootan.qa.testcases.TeamSectionTest@11a67ec]" name="printJuniorEngineerNamesFromTeamcSectionInTOExcel" duration-ms="10731" started-at="2021-01-04T12:40:45 IST" finished-at="2021-01-04T12:40:56 IST">
          <reporter-output>
          </reporter-output>
        </test-method> <!-- printJuniorEngineerNamesFromTeamcSectionInTOExcel -->
        <test-method status="PASS" signature="tearDown()[pri:0, instance:com.grootan.qa.testcases.TeamSectionTest@11a67ec]" name="tearDown" is-config="true" duration-ms="1577" started-at="2021-01-04T12:40:56 IST" finished-at="2021-01-04T12:40:57 IST">
          <reporter-output>
          </reporter-output>
        </test-method> <!-- tearDown -->
        <test-method status="PASS" signature="setUp()[pri:0, instance:com.grootan.qa.testcases.TeamSectionTest@11a67ec]" name="setUp" is-config="true" duration-ms="12269" started-at="2021-01-04T12:40:57 IST" finished-at="2021-01-04T12:41:09 IST">
          <reporter-output>
          </reporter-output>
        </test-method> <!-- setUp -->
        <test-method status="FAIL" signature="compareHrAndCTO_CoFounderImages()[pri:2, instance:com.grootan.qa.testcases.TeamSectionTest@11a67ec]" name="compareHrAndCTO_CoFounderImages" duration-ms="3486" started-at="2021-01-04T12:41:09 IST" finished-at="2021-01-04T12:41:13 IST">
          <exception class="java.lang.AssertionError">
            <message>
              <![CDATA[Images are not similar expected [false] but found [true]]]>
            </message>
            <full-stacktrace>
              <![CDATA[java.lang.AssertionError: Images are not similar expected [false] but found [true]
at org.testng.Assert.fail(Assert.java:99)
at org.testng.Assert.failNotEquals(Assert.java:1037)
at org.testng.Assert.assertFalse(Assert.java:67)
at com.grootan.qa.testcases.TeamSectionTest.compareHrAndCTO_CoFounderImages(TeamSectionTest.java:40)
at sun.reflect.NativeMethodAccessorImpl.invoke0(Native Method)
at sun.reflect.NativeMethodAccessorImpl.invoke(Unknown Source)
at sun.reflect.DelegatingMethodAccessorImpl.invoke(Unknown Source)
at java.lang.reflect.Method.invoke(Unknown Source)
at org.testng.internal.MethodInvocationHelper.invokeMethod(MethodInvocationHelper.java:132)
at org.testng.internal.TestInvoker.invokeMethod(TestInvoker.java:599)
at org.testng.internal.TestInvoker.invokeTestMethod(TestInvoker.java:174)
at org.testng.internal.MethodRunner.runInSequence(MethodRunner.java:46)
at org.testng.internal.TestInvoker$MethodInvocationAgent.invoke(TestInvoker.java:822)
at org.testng.internal.TestInvoker.invokeTestMethods(TestInvoker.java:147)
at org.testng.internal.TestMethodWorker.invokeTestMethods(TestMethodWorker.java:146)
at org.testng.internal.TestMethodWorker.run(TestMethodWorker.java:128)
at java.util.ArrayList.forEach(Unknown Source)
at org.testng.TestRunner.privateRun(TestRunner.java:764)
at org.testng.TestRunner.run(TestRunner.java:585)
at org.testng.SuiteRunner.runTest(SuiteRunner.java:384)
at org.testng.SuiteRunner.runSequentially(SuiteRunner.java:378)
at org.testng.SuiteRunner.privateRun(SuiteRunner.java:337)
at org.testng.SuiteRunner.run(SuiteRunner.java:286)
at org.testng.SuiteRunnerWorker.runSuite(SuiteRunnerWorker.java:53)
at org.testng.SuiteRunnerWorker.run(SuiteRunnerWorker.java:96)
at org.testng.TestNG.runSuitesSequentially(TestNG.java:1218)
at org.testng.TestNG.runSuitesLocally(TestNG.java:1140)
at org.testng.TestNG.runSuites(TestNG.java:1069)
at org.testng.TestNG.run(TestNG.java:1037)
at org.testng.remote.AbstractRemoteTestNG.run(AbstractRemoteTestNG.java:115)
at org.testng.remote.RemoteTestNG.initAndRun(RemoteTestNG.java:251)
at org.testng.remote.RemoteTestNG.main(RemoteTestNG.java:77)
]]>
            </full-stacktrace>
          </exception> <!-- java.lang.AssertionError -->
          <reporter-output>
          </reporter-output>
        </test-method> <!-- compareHrAndCTO_CoFounderImages -->
        <test-method status="PASS" signature="tearDown()[pri:0, instance:com.grootan.qa.testcases.TeamSectionTest@11a67ec]" name="tearDown" is-config="true" duration-ms="1094" started-at="2021-01-04T12:41:13 IST" finished-at="2021-01-04T12:41:14 IST">
          <reporter-output>
          </reporter-output>
        </test-method> <!-- tearDown -->
      </class> <!-- com.grootan.qa.testcases.TeamSectionTest -->
    </test> <!-- TSR -->
  </suite> <!-- Suite -->
</testng-results>
